[INFO ] 2022-08-14 11:07:44.179 [main] AssignLeaveStepDefination - Login is completed
[INFO ] 2022-08-14 11:07:49.962 [main] AssignLeaveStepDefination - Assign leave form is filled
[INFO ] 2022-08-14 11:07:53.693 [main] AssignLeaveStepDefination - Leave submission is done
[INFO ] 2022-08-14 11:07:55.787 [main] AssignLeaveStepDefination - Leave is applied successfully
[INFO ] 2022-08-14 11:08:06.448 [main] LoginStepDefination - login check is completed
[INFO ] 2022-08-14 11:08:06.587 [main] LoginStepDefination - user id and password has been entered
[INFO ] 2022-08-14 11:08:14.171 [main] LoginStepDefination - login button is clicked
[INFO ] 2022-08-14 11:08:14.213 [main] LoginStepDefination - login is successful
[INFO ] 2022-08-14 11:08:23.359 [main] LoginStepDefination - login check is completed
[INFO ] 2022-08-14 11:08:30.468 [main] LoginStepDefination - login button is clicked
[INFO ] 2022-08-14 11:08:30.508 [main] LoginStepDefination - login is successful
[INFO ] 2022-08-14 11:08:40.119 [main] LoginStepDefination - login check is completed
[INFO ] 2022-08-14 11:08:40.266 [main] LoginStepDefination - user id and password has been entered
[INFO ] 2022-08-14 11:08:48.457 [main] LoginStepDefination - login button is clicked
[INFO ] 2022-08-14 11:08:48.523 [main] LoginStepDefination - login is successful
[INFO ] 2022-08-14 11:08:57.539 [main] LoginStepDefination - login check is completed
[INFO ] 2022-08-14 11:08:57.698 [main] LoginStepDefination - user id and password has been entered
[INFO ] 2022-08-14 11:09:04.764 [main] LoginStepDefination - login button is clicked
[INFO ] 2022-08-14 11:09:04.811 [main] LoginStepDefination - login is successful
[INFO ] 2022-08-14 17:11:10.631 [main] AssignLeaveStepDefination - Login is completed
[INFO ] 2022-08-14 17:11:14.812 [main] AssignLeaveStepDefination - Assign leave form is filled
[INFO ] 2022-08-14 17:11:18.316 [main] AssignLeaveStepDefination - Leave submission is done
[INFO ] 2022-08-14 17:11:20.376 [main] AssignLeaveStepDefination - Leave is applied successfully
[INFO ] 2022-08-14 17:11:28.401 [main] LoginStepDefination - login check is completed
[INFO ] 2022-08-14 17:11:28.495 [main] LoginStepDefination - user id and password has been entered
[INFO ] 2022-08-14 17:11:32.376 [main] LoginStepDefination - login button is clicked
[INFO ] 2022-08-14 17:11:32.402 [main] LoginStepDefination - login is successful
[INFO ] 2022-08-14 17:11:37.686 [main] LoginStepDefination - login check is completed
[INFO ] 2022-08-14 17:11:43.126 [main] LoginStepDefination - login button is clicked
[INFO ] 2022-08-14 17:11:43.165 [main] LoginStepDefination - login is successful
[INFO ] 2022-08-14 17:11:49.369 [main] LoginStepDefination - login check is completed
[INFO ] 2022-08-14 17:11:49.464 [main] LoginStepDefination - user id and password has been entered
[INFO ] 2022-08-14 17:11:55.683 [main] LoginStepDefination - login button is clicked
[INFO ] 2022-08-14 17:11:55.711 [main] LoginStepDefination - login is successful
[INFO ] 2022-08-14 17:12:01.770 [main] LoginStepDefination - login check is completed
[INFO ] 2022-08-14 17:12:01.869 [main] LoginStepDefination - user id and password has been entered
[INFO ] 2022-08-14 17:12:07.760 [main] LoginStepDefination - login button is clicked
[INFO ] 2022-08-14 17:12:07.786 [main] LoginStepDefination - login is successful
